Determining if the pthread_create exist failed with the following output:
Change Dir: /root/CNNFeatureExtraction/build/CMakeFiles/CMakeTmp

Run Build Command:"/usr/bin/make" "cmTC_52ee1/fast"
/usr/bin/make -f CMakeFiles/cmTC_52ee1.dir/build.make CMakeFiles/cmTC_52ee1.dir/build
make[1]: Entering directory '/root/CNNFeatureExtraction/build/CMakeFiles/CMakeTmp'
Building C object CMakeFiles/cmTC_52ee1.dir/CheckSymbolExists.c.o
/usr/bin/x86_64-linux-gnu-gcc-9    -o CMakeFiles/cmTC_52ee1.dir/CheckSymbolExists.c.o   -c /root/CNNFeatureExtraction/build/CMakeFiles/CMakeTmp/CheckSymbolExists.c
Linking C executable cmTC_52ee1
/usr/local/bin/cmake -E cmake_link_script CMakeFiles/cmTC_52ee1.dir/link.txt --verbose=1
/usr/bin/x86_64-linux-gnu-gcc-9      CMakeFiles/cmTC_52ee1.dir/CheckSymbolExists.c.o  -o cmTC_52ee1 
CMakeFiles/cmTC_52ee1.dir/CheckSymbolExists.c.o: In function `main':
CheckSymbolExists.c:(.text+0x1b): undefined reference to `pthread_create'
collect2: error: ld returned 1 exit status
CMakeFiles/cmTC_52ee1.dir/build.make:86: recipe for target 'cmTC_52ee1' failed
make[1]: *** [cmTC_52ee1] Error 1
make[1]: Leaving directory '/root/CNNFeatureExtraction/build/CMakeFiles/CMakeTmp'
Makefile:121: recipe for target 'cmTC_52ee1/fast' failed
make: *** [cmTC_52ee1/fast] Error 2

File /root/CNNFeatureExtraction/build/CMakeFiles/CMakeTmp/CheckSymbolExists.c:
/* */
#include <pthread.h>

int main(int argc, char** argv)
{
  (void)argv;
#ifndef pthread_create
  return ((int*)(&pthread_create))[argc];
#else
  (void)argc;
  return 0;
#endif
}

Determining if the function pthread_create exists in the pthreads failed with the following output:
Change Dir: /root/CNNFeatureExtraction/build/CMakeFiles/CMakeTmp

Run Build Command:"/usr/bin/make" "cmTC_17de4/fast"
/usr/bin/make -f CMakeFiles/cmTC_17de4.dir/build.make CMakeFiles/cmTC_17de4.dir/build
make[1]: Entering directory '/root/CNNFeatureExtraction/build/CMakeFiles/CMakeTmp'
Building C object CMakeFiles/cmTC_17de4.dir/CheckFunctionExists.c.o
/usr/bin/x86_64-linux-gnu-gcc-9   -DCHECK_FUNCTION_EXISTS=pthread_create   -o CMakeFiles/cmTC_17de4.dir/CheckFunctionExists.c.o   -c /usr/local/share/cmake-3.13/Modules/CheckFunctionExists.c
Linking C executable cmTC_17de4
/usr/local/bin/cmake -E cmake_link_script CMakeFiles/cmTC_17de4.dir/link.txt --verbose=1
/usr/bin/x86_64-linux-gnu-gcc-9  -DCHECK_FUNCTION_EXISTS=pthread_create    CMakeFiles/cmTC_17de4.dir/CheckFunctionExists.c.o  -o cmTC_17de4 -lpthreads 
/usr/bin/ld: cannot find -lpthreads
collect2: error: ld returned 1 exit status
CMakeFiles/cmTC_17de4.dir/build.make:86: recipe for target 'cmTC_17de4' failed
make[1]: *** [cmTC_17de4] Error 1
make[1]: Leaving directory '/root/CNNFeatureExtraction/build/CMakeFiles/CMakeTmp'
Makefile:121: recipe for target 'cmTC_17de4/fast' failed
make: *** [cmTC_17de4/fast] Error 2


